<?xml version="1.0" encoding="UTF-8"?>
<testng-results ignored="0" total="2" passed="2" failed="0" skipped="0">
  <reporter-output>
  </reporter-output>
  <suite started-at="2021-11-25T08:43:51Z" name="Default suite" finished-at="2021-11-25T08:44:38Z" duration-ms="47126">
    <groups>
    </groups>
    <test started-at="2021-11-25T08:43:51Z" name="Default test" finished-at="2021-11-25T08:44:38Z" duration-ms="47126">
      <class name="com.qa.testcases.DOS_Homepagetest">
        <test-method is-config="true" signature="setUp()[pri:0, instance:com.qa.testcases.DOS_Homepagetest@258d79be]" started-at="2021-11-25T00:43:51Z" name="setUp" finished-at="2021-11-25T00:44:12Z" duration-ms="21347" status="PASS">
          <reporter-output>
          </reporter-output>
        </test-method> <!-- setUp -->
        <test-method signature="DOS_pagetitletest()[pri:1, instance:com.qa.testcases.DOS_Homepagetest@258d79be]" started-at="2021-11-25T00:44:12Z" name="DOS_pagetitletest" finished-at="2021-11-25T00:44:17Z" duration-ms="4408" status="PASS">
          <reporter-output>
          </reporter-output>
        </test-method> <!-- DOS_pagetitletest -->
        <test-method is-config="true" signature="teardown()[pri:0, instance:com.qa.testcases.DOS_Homepagetest@258d79be]" started-at="2021-11-25T00:44:17Z" name="teardown" finished-at="2021-11-25T00:44:18Z" duration-ms="1136" status="PASS">
          <reporter-output>
          </reporter-output>
        </test-method> <!-- teardown -->
        <test-method is-config="true" signature="setUp()[pri:0, instance:com.qa.testcases.DOS_Homepagetest@258d79be]" started-at="2021-11-25T00:44:18Z" name="setUp" finished-at="2021-11-25T00:44:30Z" duration-ms="11814" status="PASS">
          <reporter-output>
          </reporter-output>
        </test-method> <!-- setUp -->
        <test-method signature="test_addbtnvisible()[pri:2, instance:com.qa.testcases.DOS_Homepagetest@258d79be]" started-at="2021-11-25T00:44:30Z" name="test_addbtnvisible" finished-at="2021-11-25T00:44:37Z" duration-ms="7267" status="PASS">
          <reporter-output>
          </reporter-output>
        </test-method> <!-- test_addbtnvisible -->
        <test-method is-config="true" signature="teardown()[pri:0, instance:com.qa.testcases.DOS_Homepagetest@258d79be]" started-at="2021-11-25T00:44:37Z" name="teardown" finished-at="2021-11-25T00:44:38Z" duration-ms="1139" status="PASS">
          <reporter-output>
          </reporter-output>
        </test-method> <!-- teardown -->
      </class> <!-- com.qa.testcases.DOS_Homepagetest -->
    </test> <!-- Default test -->
  </suite> <!-- Default suite -->
</testng-results>
