<?xml version="1.0" encoding="UTF-8"?>
<!-- Generated by org.testng.reporters.JUnitXMLReporter -->
<testsuite ignored="0" hostname="Timmegowdas-MacBook-Pro.local" failures="0" tests="2" name="Default test" time="47.126" errors="0" timestamp="25 Nov 2021 08:44:43 GMT">
  <testcase classname="com.qa.testcases.DOS_Homepagetest" name="DOS_pagetitletest" time="4.408"/>
  <testcase classname="com.qa.testcases.DOS_Homepagetest" name="test_addbtnvisible" time="7.267"/>
</testsuite> <!-- Default test -->
